<?xml version="1.0" encoding="UTF-8"?>
<testng-results ignored="0" total="9" passed="9" failed="0" skipped="0">
  <reporter-output>
    <line>
      <![CDATA[No discount available]]>
    </line>
  </reporter-output>
  <suite started-at="2025-01-20T15:47:56 IST" name="Default suite" finished-at="2025-01-20T15:48:48 IST" duration-ms="52299">
    <groups>
      <group name="cucumber">
        <method signature="AbstractTestNGCucumberTests.runScenario(io.cucumber.testng.PickleWrapper,io.cucumber.testng.FeatureWrapper)[pri:0, instance:testrun.testrunner@6aaceffd]" name="runScenario" class="io.cucumber.testng.AbstractTestNGCucumberTests"/>
      </group> <!-- cucumber -->
    </groups>
    <test started-at="2025-01-20T15:47:56 IST" name="Default test" finished-at="2025-01-20T15:48:48 IST" duration-ms="52299">
      <class name="testrun.testrunner">
        <test-method is-config="true" signature="setUpClass(org.testng.ITestContext)[pri:0, instance:testrun.testrunner@6aaceffd]" started-at="2025-01-20T15:47:56 IST" name="setUpClass" finished-at="2025-01-20T15:48:01 IST" duration-ms="4900" status="PASS">
          <params>
            <param index="0">
              <value>
                <![CDATA[org.testng.TestRunner@7e0bc8a3]]>
              </value>
            </param>
          </params>
          <reporter-output>
          </reporter-output>
        </test-method> <!-- setUpClass -->
        <test-method signature="runScenario(io.cucumber.testng.PickleWrapper,io.cucumber.testng.FeatureWrapper)[pri:0, instance:testrun.testrunner@6aaceffd]" started-at="2025-01-20T15:48:01 IST" name="runScenario" description="Runs Cucumber Scenarios" data-provider="scenarios" finished-at="2025-01-20T15:48:01 IST" duration-ms="87" status="PASS">
          <params>
            <param index="0">
              <value>
                <![CDATA["Verify the page title and URL"]]>
              </value>
            </param>
            <param index="1">
              <value>
                <![CDATA["Search for a product"]]>
              </value>
            </param>
          </params>
          <reporter-output>
          </reporter-output>
        </test-method> <!-- runScenario -->
        <test-method signature="runScenario(io.cucumber.testng.PickleWrapper,io.cucumber.testng.FeatureWrapper)[pri:0, instance:testrun.testrunner@6aaceffd]" started-at="2025-01-20T15:48:01 IST" name="runScenario" description="Runs Cucumber Scenarios" data-provider="scenarios" finished-at="2025-01-20T15:48:04 IST" duration-ms="2691" status="PASS">
          <params>
            <param index="0">
              <value>
                <![CDATA["Verify user enter special character in search Box filed"]]>
              </value>
            </param>
            <param index="1">
              <value>
                <![CDATA["Search for a product"]]>
              </value>
            </param>
          </params>
          <reporter-output>
          </reporter-output>
        </test-method> <!-- runScenario -->
        <test-method signature="runScenario(io.cucumber.testng.PickleWrapper,io.cucumber.testng.FeatureWrapper)[pri:0, instance:testrun.testrunner@6aaceffd]" started-at="2025-01-20T15:48:04 IST" name="runScenario" description="Runs Cucumber Scenarios" data-provider="scenarios" finished-at="2025-01-20T15:48:06 IST" duration-ms="2634" status="PASS">
          <params>
            <param index="0">
              <value>
                <![CDATA["Verify user enter special character in search Box filed"]]>
              </value>
            </param>
            <param index="1">
              <value>
                <![CDATA["Search for a product"]]>
              </value>
            </param>
          </params>
          <reporter-output>
          </reporter-output>
        </test-method> <!-- runScenario -->
        <test-method signature="runScenario(io.cucumber.testng.PickleWrapper,io.cucumber.testng.FeatureWrapper)[pri:0, instance:testrun.testrunner@6aaceffd]" started-at="2025-01-20T15:48:06 IST" name="runScenario" description="Runs Cucumber Scenarios" data-provider="scenarios" finished-at="2025-01-20T15:48:09 IST" duration-ms="2692" status="PASS">
          <params>
            <param index="0">
              <value>
                <![CDATA["Verify user enter special character in search Box filed"]]>
              </value>
            </param>
            <param index="1">
              <value>
                <![CDATA["Search for a product"]]>
              </value>
            </param>
          </params>
          <reporter-output>
          </reporter-output>
        </test-method> <!-- runScenario -->
        <test-method signature="runScenario(io.cucumber.testng.PickleWrapper,io.cucumber.testng.FeatureWrapper)[pri:0, instance:testrun.testrunner@6aaceffd]" started-at="2025-01-20T15:48:09 IST" name="runScenario" description="Runs Cucumber Scenarios" data-provider="scenarios" finished-at="2025-01-20T15:48:11 IST" duration-ms="2311" status="PASS">
          <params>
            <param index="0">
              <value>
                <![CDATA["Verify user enter special character in search Box filed"]]>
              </value>
            </param>
            <param index="1">
              <value>
                <![CDATA["Search for a product"]]>
              </value>
            </param>
          </params>
          <reporter-output>
          </reporter-output>
        </test-method> <!-- runScenario -->
        <test-method signature="runScenario(io.cucumber.testng.PickleWrapper,io.cucumber.testng.FeatureWrapper)[pri:0, instance:testrun.testrunner@6aaceffd]" started-at="2025-01-20T15:48:11 IST" name="runScenario" description="Runs Cucumber Scenarios" data-provider="scenarios" finished-at="2025-01-20T15:48:14 IST" duration-ms="2251" status="PASS">
          <params>
            <param index="0">
              <value>
                <![CDATA["Verify user enter special character in search Box filed"]]>
              </value>
            </param>
            <param index="1">
              <value>
                <![CDATA["Search for a product"]]>
              </value>
            </param>
          </params>
          <reporter-output>
          </reporter-output>
        </test-method> <!-- runScenario -->
        <test-method signature="runScenario(io.cucumber.testng.PickleWrapper,io.cucumber.testng.FeatureWrapper)[pri:0, instance:testrun.testrunner@6aaceffd]" started-at="2025-01-20T15:48:14 IST" name="runScenario" description="Runs Cucumber Scenarios" data-provider="scenarios" finished-at="2025-01-20T15:48:23 IST" duration-ms="9058" status="PASS">
          <params>
            <param index="0">
              <value>
                <![CDATA["Verify User search for a product in a Home page"]]>
              </value>
            </param>
            <param index="1">
              <value>
                <![CDATA["Search for a product"]]>
              </value>
            </param>
          </params>
          <reporter-output>
          </reporter-output>
        </test-method> <!-- runScenario -->
        <test-method signature="runScenario(io.cucumber.testng.PickleWrapper,io.cucumber.testng.FeatureWrapper)[pri:0, instance:testrun.testrunner@6aaceffd]" started-at="2025-01-20T15:48:23 IST" name="runScenario" description="Runs Cucumber Scenarios" data-provider="scenarios" finished-at="2025-01-20T15:48:34 IST" duration-ms="10953" status="PASS">
          <params>
            <param index="0">
              <value>
                <![CDATA["User apply filters for searched product"]]>
              </value>
            </param>
            <param index="1">
              <value>
                <![CDATA["Verify user Apply filters (e.g., brand, price range, ratings) in product page"]]>
              </value>
            </param>
          </params>
          <reporter-output>
          </reporter-output>
        </test-method> <!-- runScenario -->
        <test-method signature="runScenario(io.cucumber.testng.PickleWrapper,io.cucumber.testng.FeatureWrapper)[pri:0, instance:testrun.testrunner@6aaceffd]" started-at="2025-01-20T15:48:34 IST" name="runScenario" description="Runs Cucumber Scenarios" data-provider="scenarios" finished-at="2025-01-20T15:48:48 IST" duration-ms="14650" status="PASS">
          <params>
            <param index="0">
              <value>
                <![CDATA["Validate product details Page"]]>
              </value>
            </param>
            <param index="1">
              <value>
                <![CDATA["Validate Product details Page"]]>
              </value>
            </param>
          </params>
          <reporter-output>
            <line>
              <![CDATA[No discount available]]>
            </line>
          </reporter-output>
        </test-method> <!-- runScenario -->
        <test-method is-config="true" signature="tearDownClass()[pri:0, instance:testrun.testrunner@6aaceffd]" started-at="2025-01-20T15:48:48 IST" name="tearDownClass" finished-at="2025-01-20T15:48:48 IST" duration-ms="0" status="PASS">
          <reporter-output>
          </reporter-output>
        </test-method> <!-- tearDownClass -->
      </class> <!-- testrun.testrunner -->
    </test> <!-- Default test -->
  </suite> <!-- Default suite -->
</testng-results>
