<?xml version="1.0" encoding="UTF-8"?>
<testng-results ignored="0" total="10" passed="10" failed="0" skipped="0">
  <reporter-output>
    <line>
      <![CDATA[No discount available]]>
    </line>
  </reporter-output>
  <suite started-at="2025-01-21T09:13:56 IST" name="Default suite" finished-at="2025-01-21T09:14:48 IST" duration-ms="52437">
    <groups>
      <group name="cucumber">
        <method signature="AbstractTestNGCucumberTests.runScenario(io.cucumber.testng.PickleWrapper,io.cucumber.testng.FeatureWrapper)[pri:0, instance:testrun.testrunner@14fc5f04]" name="runScenario" class="io.cucumber.testng.AbstractTestNGCucumberTests"/>
      </group> <!-- cucumber -->
    </groups>
    <test started-at="2025-01-21T09:13:56 IST" name="Default test" finished-at="2025-01-21T09:14:48 IST" duration-ms="52437">
      <class name="testrun.testrunner">
        <test-method is-config="true" signature="setUpClass(org.testng.ITestContext)[pri:0, instance:testrun.testrunner@14fc5f04]" started-at="2025-01-21T09:13:56 IST" name="setUpClass" finished-at="2025-01-21T09:14:00 IST" duration-ms="3855" status="PASS">
          <params>
            <param index="0">
              <value>
                <![CDATA[org.testng.TestRunner@715d6168]]>
              </value>
            </param>
          </params>
          <reporter-output>
          </reporter-output>
        </test-method> <!-- setUpClass -->
        <test-method signature="runScenario(io.cucumber.testng.PickleWrapper,io.cucumber.testng.FeatureWrapper)[pri:0, instance:testrun.testrunner@14fc5f04]" started-at="2025-01-21T09:14:00 IST" name="runScenario" description="Runs Cucumber Scenarios" data-provider="scenarios" finished-at="2025-01-21T09:14:00 IST" duration-ms="120" status="PASS">
          <params>
            <param index="0">
              <value>
                <![CDATA["Verify the page title and URL"]]>
              </value>
            </param>
            <param index="1">
              <value>
                <![CDATA["Search for a product"]]>
              </value>
            </param>
          </params>
          <reporter-output>
          </reporter-output>
        </test-method> <!-- runScenario -->
        <test-method signature="runScenario(io.cucumber.testng.PickleWrapper,io.cucumber.testng.FeatureWrapper)[pri:0, instance:testrun.testrunner@14fc5f04]" started-at="2025-01-21T09:14:00 IST" name="runScenario" description="Runs Cucumber Scenarios" data-provider="scenarios" finished-at="2025-01-21T09:14:02 IST" duration-ms="1781" status="PASS">
          <params>
            <param index="0">
              <value>
                <![CDATA["Verify user enter special character in search Box filed"]]>
              </value>
            </param>
            <param index="1">
              <value>
                <![CDATA["Search for a product"]]>
              </value>
            </param>
          </params>
          <reporter-output>
          </reporter-output>
        </test-method> <!-- runScenario -->
        <test-method signature="runScenario(io.cucumber.testng.PickleWrapper,io.cucumber.testng.FeatureWrapper)[pri:0, instance:testrun.testrunner@14fc5f04]" started-at="2025-01-21T09:14:02 IST" name="runScenario" description="Runs Cucumber Scenarios" data-provider="scenarios" finished-at="2025-01-21T09:14:03 IST" duration-ms="1585" status="PASS">
          <params>
            <param index="0">
              <value>
                <![CDATA["Verify user enter special character in search Box filed"]]>
              </value>
            </param>
            <param index="1">
              <value>
                <![CDATA["Search for a product"]]>
              </value>
            </param>
          </params>
          <reporter-output>
          </reporter-output>
        </test-method> <!-- runScenario -->
        <test-method signature="runScenario(io.cucumber.testng.PickleWrapper,io.cucumber.testng.FeatureWrapper)[pri:0, instance:testrun.testrunner@14fc5f04]" started-at="2025-01-21T09:14:03 IST" name="runScenario" description="Runs Cucumber Scenarios" data-provider="scenarios" finished-at="2025-01-21T09:14:05 IST" duration-ms="1640" status="PASS">
          <params>
            <param index="0">
              <value>
                <![CDATA["Verify user enter special character in search Box filed"]]>
              </value>
            </param>
            <param index="1">
              <value>
                <![CDATA["Search for a product"]]>
              </value>
            </param>
          </params>
          <reporter-output>
          </reporter-output>
        </test-method> <!-- runScenario -->
        <test-method signature="runScenario(io.cucumber.testng.PickleWrapper,io.cucumber.testng.FeatureWrapper)[pri:0, instance:testrun.testrunner@14fc5f04]" started-at="2025-01-21T09:14:05 IST" name="runScenario" description="Runs Cucumber Scenarios" data-provider="scenarios" finished-at="2025-01-21T09:14:06 IST" duration-ms="1291" status="PASS">
          <params>
            <param index="0">
              <value>
                <![CDATA["Verify user enter special character in search Box filed"]]>
              </value>
            </param>
            <param index="1">
              <value>
                <![CDATA["Search for a product"]]>
              </value>
            </param>
          </params>
          <reporter-output>
          </reporter-output>
        </test-method> <!-- runScenario -->
        <test-method signature="runScenario(io.cucumber.testng.PickleWrapper,io.cucumber.testng.FeatureWrapper)[pri:0, instance:testrun.testrunner@14fc5f04]" started-at="2025-01-21T09:14:06 IST" name="runScenario" description="Runs Cucumber Scenarios" data-provider="scenarios" finished-at="2025-01-21T09:14:07 IST" duration-ms="1260" status="PASS">
          <params>
            <param index="0">
              <value>
                <![CDATA["Verify user enter special character in search Box filed"]]>
              </value>
            </param>
            <param index="1">
              <value>
                <![CDATA["Search for a product"]]>
              </value>
            </param>
          </params>
          <reporter-output>
          </reporter-output>
        </test-method> <!-- runScenario -->
        <test-method signature="runScenario(io.cucumber.testng.PickleWrapper,io.cucumber.testng.FeatureWrapper)[pri:0, instance:testrun.testrunner@14fc5f04]" started-at="2025-01-21T09:14:08 IST" name="runScenario" description="Runs Cucumber Scenarios" data-provider="scenarios" finished-at="2025-01-21T09:14:16 IST" duration-ms="8253" status="PASS">
          <params>
            <param index="0">
              <value>
                <![CDATA["Verify User search for a product in a Home page"]]>
              </value>
            </param>
            <param index="1">
              <value>
                <![CDATA["Search for a product"]]>
              </value>
            </param>
          </params>
          <reporter-output>
          </reporter-output>
        </test-method> <!-- runScenario -->
        <test-method signature="runScenario(io.cucumber.testng.PickleWrapper,io.cucumber.testng.FeatureWrapper)[pri:0, instance:testrun.testrunner@14fc5f04]" started-at="2025-01-21T09:14:16 IST" name="runScenario" description="Runs Cucumber Scenarios" data-provider="scenarios" finished-at="2025-01-21T09:14:27 IST" duration-ms="10891" status="PASS">
          <params>
            <param index="0">
              <value>
                <![CDATA["User apply filters for searched product"]]>
              </value>
            </param>
            <param index="1">
              <value>
                <![CDATA["Verify user Apply filters (e.g., brand, price range, ratings) in product page"]]>
              </value>
            </param>
          </params>
          <reporter-output>
          </reporter-output>
        </test-method> <!-- runScenario -->
        <test-method signature="runScenario(io.cucumber.testng.PickleWrapper,io.cucumber.testng.FeatureWrapper)[pri:0, instance:testrun.testrunner@14fc5f04]" started-at="2025-01-21T09:14:27 IST" name="runScenario" description="Runs Cucumber Scenarios" data-provider="scenarios" finished-at="2025-01-21T09:14:38 IST" duration-ms="11377" status="PASS">
          <params>
            <param index="0">
              <value>
                <![CDATA["Validate product details Page"]]>
              </value>
            </param>
            <param index="1">
              <value>
                <![CDATA["Validate Product details Page"]]>
              </value>
            </param>
          </params>
          <reporter-output>
            <line>
              <![CDATA[No discount available]]>
            </line>
          </reporter-output>
        </test-method> <!-- runScenario -->
        <test-method signature="runScenario(io.cucumber.testng.PickleWrapper,io.cucumber.testng.FeatureWrapper)[pri:0, instance:testrun.testrunner@14fc5f04]" started-at="2025-01-21T09:14:38 IST" name="runScenario" description="Runs Cucumber Scenarios" data-provider="scenarios" finished-at="2025-01-21T09:14:48 IST" duration-ms="10331" status="PASS">
          <params>
            <param index="0">
              <value>
                <![CDATA["User click validate product details in cart page"]]>
              </value>
            </param>
            <param index="1">
              <value>
                <![CDATA["Validate Product details Page"]]>
              </value>
            </param>
          </params>
          <reporter-output>
          </reporter-output>
        </test-method> <!-- runScenario -->
        <test-method is-config="true" signature="tearDownClass()[pri:0, instance:testrun.testrunner@14fc5f04]" started-at="2025-01-21T09:14:48 IST" name="tearDownClass" finished-at="2025-01-21T09:14:48 IST" duration-ms="3" status="PASS">
          <reporter-output>
          </reporter-output>
        </test-method> <!-- tearDownClass -->
      </class> <!-- testrun.testrunner -->
    </test> <!-- Default test -->
  </suite> <!-- Default suite -->
</testng-results>
